<?xml version="1.0" encoding="UTF-8"?>
<testng-results skipped="0" failed="0" total="1" passed="1">
  <reporter-output>
  </reporter-output>
  <suite name="Default suite" duration-ms="10527" started-at="2015-12-09T10:46:28Z" finished-at="2015-12-09T10:46:39Z">
    <groups>
    </groups>
    <test name="Default test" duration-ms="10527" started-at="2015-12-09T10:46:28Z" finished-at="2015-12-09T10:46:39Z">
      <class name="mxndtr.trt.hp.FirstTest">
        <test-method status="PASS" signature="init()[pri:0, instance:mxndtr.trt.hp.FirstTest@7dc36524]" name="init" is-config="true" duration-ms="8946" started-at="2015-12-09T13:46:28Z" finished-at="2015-12-09T13:46:37Z">
          <reporter-output>
          </reporter-output>
        </test-method> <!-- init -->
        <test-method status="PASS" signature="testUntitled()[pri:0, instance:mxndtr.trt.hp.FirstTest@7dc36524]" name="testUntitled" duration-ms="1567" started-at="2015-12-09T13:46:37Z" finished-at="2015-12-09T13:46:39Z">
          <reporter-output>
          </reporter-output>
        </test-method> <!-- testUntitled -->
        <test-method status="PASS" signature="tearDown()[pri:0, instance:mxndtr.trt.hp.FirstTest@7dc36524]" name="tearDown" is-config="true" duration-ms="799" started-at="2015-12-09T13:46:39Z" finished-at="2015-12-09T13:46:40Z">
          <reporter-output>
          </reporter-output>
        </test-method> <!-- tearDown -->
      </class> <!-- mxndtr.trt.hp.FirstTest -->
    </test> <!-- Default test -->
  </suite> <!-- Default suite -->
</testng-results>
